<?xml version="1.0" encoding="UTF-8"?>
<testsuite name="com.jaypatel512.slack.SlackMessageTest" tests="2" skipped="0" failures="0" errors="0" timestamp="2018-03-24T22:29:16" hostname="Nikis-MacBook-Pro.local" time="0.001">
  <properties/>
  <testcase name="setters_setsAllValues" classname="com.jaypatel512.slack.SlackMessageTest" time="0.001"/>
  <testcase name="addAttachment_addsAttachment" classname="com.jaypatel512.slack.SlackMessageTest" time="0.0"/>
  <system-out><![CDATA[]]></system-out>
  <system-err><![CDATA[]]></system-err>
</testsuite>
