<?xml version="1.0" encoding="UTF-8"?>
<testsuite name="com.jaypatel512.slack.SlackTest" tests="7" skipped="0" failures="0" errors="0" timestamp="2018-03-24T22:29:16" hostname="Nikis-MacBook-Pro.local" time="0.055">
  <properties/>
  <testcase name="builder_setsGson" classname="com.jaypatel512.slack.SlackTest" time="0.05"/>
  <testcase name="builder_setsProxy" classname="com.jaypatel512.slack.SlackTest" time="0.001"/>
  <testcase name="build_setsDefaultProxy_ifNotProvided" classname="com.jaypatel512.slack.SlackTest" time="0.0"/>
  <testcase name="build_setsDefaultTimeout_ifNotProvided" classname="com.jaypatel512.slack.SlackTest" time="0.0"/>
  <testcase name="build_setsDefaultGson_ifNotProvided" classname="com.jaypatel512.slack.SlackTest" time="0.001"/>
  <testcase name="builder_setsUrl" classname="com.jaypatel512.slack.SlackTest" time="0.0"/>
  <testcase name="builder_setsTimeout" classname="com.jaypatel512.slack.SlackTest" time="0.001"/>
  <system-out><![CDATA[]]></system-out>
  <system-err><![CDATA[]]></system-err>
</testsuite>
