<?xml version="1.0" encoding="UTF-8"?>
<testsuite name="com.jaypatel512.slack.SlackAttachmentTest" tests="2" skipped="0" failures="0" errors="0" timestamp="2018-03-24T22:29:16" hostname="Nikis-MacBook-Pro.local" time="0.003">
  <properties/>
  <testcase name="addField_addsField" classname="com.jaypatel512.slack.SlackAttachmentTest" time="0.001"/>
  <testcase name="setters_setsValues" classname="com.jaypatel512.slack.SlackAttachmentTest" time="0.001"/>
  <system-out><![CDATA[]]></system-out>
  <system-err><![CDATA[]]></system-err>
</testsuite>
